Client Input Config: configs/remote_config.json
base_port                      : 20886
bucket_size                    : 8
buckets_per_lock               : 1
commit                         : 1411c714ef0c818acb56c9b5fd4c44521619c863
date                           : 2023-08-02
description                    : This is a test run and a manditory field
deterministic                  : True
entry_size                     : 8
hash_factor                    : 999999999
id                             : 0
indexes                        : 1048576
location_function              : dependent
locks_per_message              : 64
max_fill                       : 50
memory_size                    : 8388608
name                           : test_run
num_clients                    : 24
read_threshold_bytes           : 256
search_function                : a_star
server_address                 : 192.168.1.12
state_machine                  : cuckoo
total_inserts                  : 1
total_requests                 : 1
trials                         : 1
workload                       : ycsb-w
get_addr succeeded
connecting to 192.168.1.12
  [1;31mRDMA Engine : "Experiment Stop Globally\n" [m
  [1;31m : "24,784539.500000\n" [m
RDMA_Engine destructor
